{'support': {'plot_input_surface': True, 'plot_surface_indices': True, 'plot_optimization_parameters': True}}
Ipopt 3.12.13: tol=1e-06
max_iter=0


******************************************************************************
This program contains Ipopt, a library for large-scale nonlinear optimization.
 Ipopt is released as open source code under the Eclipse Public License (EPL).
         For more information visit http://projects.coin-or.org/Ipopt
******************************************************************************

This is Ipopt version 3.12.13, running with linear solver mumps.
NOTE: Other linear solvers might be more efficient (see Ipopt documentation).

Number of nonzeros in equality constraint Jacobian...:     7727
Number of nonzeros in inequality constraint Jacobian.:        0
Number of nonzeros in Lagrangian Hessian.............:     1346

Total number of variables............................:     2432
                     variables with only lower bounds:        0
                variables with lower and upper bounds:     2432
                     variables with only upper bounds:        0
Total number of equality constraints.................:     2116
Total number of inequality constraints...............:        0
        inequality constraints with only lower bounds:        0
   inequality constraints with lower and upper bounds:        0
        inequality constraints with only upper bounds:        0

iter    objective    inf_pr   inf_du lg(mu)  ||d||  lg(rg) alpha_du alpha_pr  ls
   0  2.4626000e+02 9.91e-01 1.00e+00  -1.0 0.00e+00    -  0.00e+00 0.00e+00   0

Number of Iterations....: 0

                                   (scaled)                 (unscaled)
Objective...............:   2.4625999874000144e+02    2.4625999874000144e+02
Dual infeasibility......:   1.0000000000000000e+00    1.0000000000000000e+00
Constraint violation....:   9.9123151492749750e-01    9.9123151492749750e-01
Complementarity.........:   9.9000001999999998e-01    9.9000001999999998e-01
Overall NLP error.......:   1.0000000000000000e+00    1.0000000000000000e+00


Number of objective function evaluations             = 1
Number of objective gradient evaluations             = 1
Number of equality constraint evaluations            = 1
Number of inequality constraint evaluations          = 0
Number of equality constraint Jacobian evaluations   = 1
Number of inequality constraint Jacobian evaluations = 0
Number of Lagrangian Hessian evaluations             = 0
Total CPU secs in IPOPT (w/o function evaluations)   =      0.019
Total CPU secs in NLP function evaluations           =      0.000

EXIT: Maximum Number of Iterations Exceeded.
WARNING: Loading a SolverResults object with a warning status into
    model.name="unknown";
      - termination condition: maxIterations
      - message from solver: Ipopt 3.12.13\x3a Maximum Number of Iterations
        Exceeded.
